d:\work\npc.2.0.5-src\npcwin\debug\vc140.pdb
d:\work\npc.2.0.5-src\npcwin\debug\vc140.idb
d:\work\npc.2.0.5-src\npcwin\debug\npcengine.obj
d:\work\npc.2.0.5-src\npcwin\debug\pcgen_interface.obj
d:\work\npc.2.0.5-src\npcwin\debug\dndutil.obj
d:\work\npc.2.0.5-src\npcwin\debug\gameutil.obj
d:\work\npc.2.0.5-src\npcwin\debug\grammar.obj
d:\work\npc.2.0.5-src\npcwin\debug\npc.obj
d:\work\npc.2.0.5-src\npcwin\debug\npc.ilk
d:\work\npc.2.0.5-src\npcwin\debug\npc.exe
d:\work\npc.2.0.5-src\npcwin\debug\npc.pdb
d:\work\npc.2.0.5-src\npcwin\debug\npc.res
d:\work\npc.2.0.5-src\npcwin\.\debug\npc.exe
d:\work\npc.2.0.5-src\npcwin\debug\npc.tlog\cl.command.1.tlog
d:\work\npc.2.0.5-src\npcwin\debug\npc.tlog\cl.read.1.tlog
d:\work\npc.2.0.5-src\npcwin\debug\npc.tlog\cl.write.1.tlog
d:\work\npc.2.0.5-src\npcwin\debug\npc.tlog\link.command.1.tlog
d:\work\npc.2.0.5-src\npcwin\debug\npc.tlog\link.read.1.tlog
d:\work\npc.2.0.5-src\npcwin\debug\npc.tlog\link.write.1.tlog
d:\work\npc.2.0.5-src\npcwin\debug\npc.tlog\rc.command.1.tlog
d:\work\npc.2.0.5-src\npcwin\debug\npc.tlog\rc.read.1.tlog
d:\work\npc.2.0.5-src\npcwin\debug\npc.tlog\rc.write.1.tlog
